##### Process Start on: AD #####
##### Process Start on: B #####
##### Process Start on: DBLog #####
##### Process Start on: HEIMDALL_LOG #####
##### Process Start on: AC #####
##### Process Start on: DD_AC_ #####
##### Process Start on: AC_764 #####
##### Process Start on: AC_RAFAEL #####
##### Process Start on: AC_TESTEFENIX #####
##### Process Start on: AD #####
##### Process Start on: B #####
##### Process Start on: DBLog #####
##### Process Start on: HEIMDALL_LOG #####
##### Process Start on: AC #####
##### Process Start on: DD_AC_ #####
##### Process Start on: AC_764 #####
##### Process Start on: AC_RAFAEL #####
##### Process Start on: AC_TESTEFENIX #####
##### Process Start on: AD #####
##### Process Start on: B #####
##### Process Start on: DBLog #####
##### Process Start on: HEIMDALL_LOG #####
##### Process Start on: AC #####
##### Process Start on: DD_AC_ #####
##### Process Start on: AC_764 #####
##### Process Start on: AC_RAFAEL #####
##### Process Start on: AC_TESTEFENIX #####
##### Process Start on: AD #####
##### Shirink executed on: A_log #####
##### Process Start on: B #####
##### Shirink executed on: B_log #####
##### Process Start on: DBLog #####
##### Shirink executed on: DBLog_log #####
##### Process Start on: HEIMDALL_LOG #####
##### Shirink executed on: HEIMDALL_LOG_log #####
##### Process Start on: AC #####
##### Shirink executed on: AC_Log #####
##### Process Start on: DD_AC_ #####
##### Shirink executed on: AC_Log #####
##### Process Start on: AC_764 #####
##### Shirink executed on: AC_Log #####
##### Process Start on: AC_RAFAEL #####
##### Shirink executed on: AC_Log #####
##### Process Start on: AC_TESTEFENIX #####
##### Shirink executed on: AC_Log #####
